[2020-08-18 17:46:05,502] INFO Starting the log cleaner (kafka.log.LogCleaner)
[2020-08-18 17:46:05,572] INFO [kafka-log-cleaner-thread-0]: Starting (kafka.log.LogCleaner)
[2020-08-19 17:11:13,540] ERROR Failed to access checkpoint file cleaner-offset-checkpoint in dir C:\study\kafka\kafka\bin\windows\studykafkakafkalogs (kafka.log.LogCleaner)
org.apache.kafka.common.errors.KafkaStorageException: Error while reading checkpoint file C:\study\kafka\kafka\bin\windows\studykafkakafkalogs\cleaner-offset-checkpoint
Caused by: java.nio.file.NoSuchFileException: C:\study\kafka\kafka\bin\windows\studykafkakafkalogs\cleaner-offset-checkpoint
	at java.base/sun.nio.fs.WindowsException.translateToIOException(WindowsException.java:85)
	at java.base/sun.nio.fs.WindowsException.rethrowAsIOException(WindowsException.java:103)
	at java.base/sun.nio.fs.WindowsException.rethrowAsIOException(WindowsException.java:108)
	at java.base/sun.nio.fs.WindowsFileSystemProvider.newByteChannel(WindowsFileSystemProvider.java:235)
	at java.base/java.nio.file.Files.newByteChannel(Files.java:375)
	at java.base/java.nio.file.Files.newByteChannel(Files.java:426)
	at java.base/java.nio.file.spi.FileSystemProvider.newInputStream(FileSystemProvider.java:420)
	at java.base/java.nio.file.Files.newInputStream(Files.java:160)
	at java.base/java.nio.file.Files.newBufferedReader(Files.java:2916)
	at java.base/java.nio.file.Files.newBufferedReader(Files.java:2948)
	at kafka.server.checkpoints.CheckpointFile.liftedTree2$1(CheckpointFile.scala:87)
	at kafka.server.checkpoints.CheckpointFile.read(CheckpointFile.scala:86)
	at kafka.server.checkpoints.OffsetCheckpointFile.read(OffsetCheckpointFile.scala:61)
	at kafka.log.LogCleanerManager.$anonfun$allCleanerCheckpoints$2(LogCleanerManager.scala:134)
	at scala.collection.TraversableLike.$anonfun$flatMap$1(TraversableLike.scala:245)
	at scala.collection.Iterator.foreach(Iterator.scala:941)
	at scala.collection.Iterator.foreach$(Iterator.scala:941)
	at scala.collection.AbstractIterator.foreach(Iterator.scala:1429)
	at scala.collection.MapLike$DefaultValuesIterable.foreach(MapLike.scala:213)
	at scala.collection.TraversableLike.flatMap(TraversableLike.scala:245)
	at scala.collection.TraversableLike.flatMap$(TraversableLike.scala:242)
	at scala.collection.AbstractTraversable.flatMap(Traversable.scala:108)
	at kafka.log.LogCleanerManager.$anonfun$allCleanerCheckpoints$1(LogCleanerManager.scala:132)
	at kafka.log.LogCleanerManager.allCleanerCheckpoints(LogCleanerManager.scala:140)
	at kafka.log.LogCleanerManager.$anonfun$grabFilthiestCompactedLog$1(LogCleanerManager.scala:171)
	at kafka.log.LogCleanerManager.grabFilthiestCompactedLog(LogCleanerManager.scala:168)
	at kafka.log.LogCleaner$CleanerThread.cleanFilthiestLog(LogCleaner.scala:327)
	at kafka.log.LogCleaner$CleanerThread.tryCleanFilthiestLog(LogCleaner.scala:314)
	at kafka.log.LogCleaner$CleanerThread.doWork(LogCleaner.scala:303)
	at kafka.utils.ShutdownableThread.run(ShutdownableThread.scala:96)
